/*
 *  CMSIS Pack Debug Access Sequence Log
 *  File        : C:\repo\stm32f103c8\sdk_2025\sdk2025_Sequences_0019.log
 *  Created     : 10:23:29 (10/04/2025)
 *  Device      : STM32F103C8
 *  PDSC File   : C:/Keil_v5/ARM/Packs/Keil/STM32F1xx_DFP/2.4.1/Keil.STM32F1xx_DFP.pdsc
 *  Config File : C:\repo\stm32f103c8\sdk_2025\DebugConfig\sdk_STM32F103C8_1.0.0.dbgconf
 *
 */

[10:23:29.160]  **********  Sequence "DebugDeviceUnlock"  (Context="Target Access", Pname="", info="")
[10:23:29.160]  
[10:23:29.161]  <debugvars>
[10:23:29.161]    // Pre-defined
[10:23:29.162]    __protocol=0x00010002      (Protocol="SWD", SWJ-DP="True")
[10:23:29.163]    __connection=0x00000202    (Connection Type="Flash", Reset Type="System Reset")
[10:23:29.163]    __dp=0x00000000
[10:23:29.163]    __ap=0x00000000
[10:23:29.163]    __traceout=0x00000001      (SWO Trace)
[10:23:29.163]    __errorcontrol=0x00000000  (Skip Errors="False")
[10:23:29.164]    __FlashAddr=0x00000000
[10:23:29.164]    __FlashLen=0x00000000
[10:23:29.164]    __FlashArg=0x00000000
[10:23:29.164]    __FlashOp=0x00000000
[10:23:29.164]    __Result=0x00000000
[10:23:29.164]    
[10:23:29.164]    // User-defined
[10:23:29.164]    DbgMCU_CR=0x00000007
[10:23:29.165]  </debugvars>
[10:23:29.165]  
[10:23:29.165]  <sequence name="DebugDeviceUnlock" Pname="" disable="false" info="">
[10:23:29.165]    <block atomic="false" info="">
[10:23:29.165]      Sequence("CheckID");
[10:23:29.165]        <sequence name="CheckID" Pname="" disable="false" info="">
[10:23:29.166]          <block atomic="false" info="">
[10:23:29.166]            __var pidr1 = 0;
[10:23:29.166]              // -> [pidr1 <= 0x00000000]
[10:23:29.166]            __var pidr2 = 0;
[10:23:29.166]              // -> [pidr2 <= 0x00000000]
[10:23:29.166]            __var jep106id = 0;
[10:23:29.166]              // -> [jep106id <= 0x00000000]
[10:23:29.167]            __var ROMTableBase = 0;
[10:23:29.167]              // -> [ROMTableBase <= 0x00000000]
[10:23:29.167]            __ap = 0;      // AHB-AP
[10:23:29.167]              // -> [__ap <= 0x00000000]
[10:23:29.167]            ROMTableBase = ReadAP(0xF8) & ~0x3;
[10:23:29.168]              // -> [ReadAP(0x000000F8) => 0xE00FF003]   (__dp=0x00000000, __ap=0x00000000)
[10:23:29.168]              // -> [ROMTableBase <= 0xE00FF000]
[10:23:29.168]            pidr1 = Read32(ROMTableBase + 0x0FE4);
[10:23:29.169]              // -> [Read32(0xE00FFFE4) => 0x00000004]   (__dp=0x00000000, __ap=0x00000000)
[10:23:29.169]              // -> [pidr1 <= 0x00000004]
[10:23:29.169]            pidr2 = Read32(ROMTableBase + 0x0FE8);
[10:23:29.169]              // -> [Read32(0xE00FFFE8) => 0x0000000A]   (__dp=0x00000000, __ap=0x00000000)
[10:23:29.170]              // -> [pidr2 <= 0x0000000A]
[10:23:29.170]            jep106id = ((pidr2 & 0x7) << 4 ) | ((pidr1 >> 4) & 0xF);
[10:23:29.170]              // -> [jep106id <= 0x00000020]
[10:23:29.170]          </block>
[10:23:29.171]          <control if="jep106id != 0x20" while="" timeout="0" info="">
[10:23:29.171]            // if-block "jep106id != 0x20"
[10:23:29.171]              // =>  FALSE
[10:23:29.171]            // skip if-block "jep106id != 0x20"
[10:23:29.171]          </control>
[10:23:29.171]        </sequence>
[10:23:29.172]    </block>
[10:23:29.172]  </sequence>
[10:23:29.172]  
[10:23:29.172]  **********  Sequence "DebugCoreStart"  (Context="Target Access", Pname="", info="")
[10:23:29.172]  
[10:23:29.172]  <debugvars>
[10:23:29.173]    // Pre-defined
[10:23:29.173]    __protocol=0x00010002      (Protocol="SWD", SWJ-DP="True")
[10:23:29.173]    __connection=0x00000202    (Connection Type="Flash", Reset Type="System Reset")
[10:23:29.173]    __dp=0x00000000
[10:23:29.173]    __ap=0x00000000
[10:23:29.173]    __traceout=0x00000001      (SWO Trace)
[10:23:29.173]    __errorcontrol=0x00000000  (Skip Errors="False")
[10:23:29.173]    __FlashAddr=0x00000000
[10:23:29.174]    __FlashLen=0x00000000
[10:23:29.174]    __FlashArg=0x00000000
[10:23:29.174]    __FlashOp=0x00000000
[10:23:29.174]    __Result=0x00000000
[10:23:29.174]    
[10:23:29.174]    // User-defined
[10:23:29.175]    DbgMCU_CR=0x00000007
[10:23:29.175]  </debugvars>
[10:23:29.175]  
[10:23:29.175]  <sequence name="DebugCoreStart" Pname="" disable="false" info="">
[10:23:29.175]    <block atomic="false" info="">
[10:23:29.176]      Write32(0xE000EDF0, 0xA05F0001);                                        // Enable Core Debug via DHCSR
[10:23:29.176]        // -> [Write32(0xE000EDF0, 0xA05F0001)]   (__dp=0x00000000, __ap=0x00000000)
[10:23:29.176]      Write32(0xE0042004, DbgMCU_CR);                                         // DBGMCU_CR: Configure MCU Debug
[10:23:29.177]        // -> [Write32(0xE0042004, 0x00000007)]   (__dp=0x00000000, __ap=0x00000000)
[10:23:29.177]    </block>
[10:23:29.177]  </sequence>
[10:23:29.177]  
[12:01:47.426]  **********  Sequence "DebugDeviceUnlock"  (Context="Target Access", Pname="", info="")
[12:01:47.426]  
[12:01:47.426]  <debugvars>
[12:01:47.427]    // Pre-defined
[12:01:47.427]    __protocol=0x00010002      (Protocol="SWD", SWJ-DP="True")
[12:01:47.427]    __connection=0x00000202    (Connection Type="Flash", Reset Type="System Reset")
[12:01:47.428]    __dp=0x00000000
[12:01:47.428]    __ap=0x00000000
[12:01:47.428]    __traceout=0x00000001      (SWO Trace)
[12:01:47.428]    __errorcontrol=0x00000000  (Skip Errors="False")
[12:01:47.429]    __FlashAddr=0x00000000
[12:01:47.429]    __FlashLen=0x00000000
[12:01:47.430]    __FlashArg=0x00000000
[12:01:47.430]    __FlashOp=0x00000000
[12:01:47.430]    __Result=0x00000000
[12:01:47.430]    
[12:01:47.430]    // User-defined
[12:01:47.430]    DbgMCU_CR=0x00000007
[12:01:47.430]  </debugvars>
[12:01:47.430]  
[12:01:47.430]  <sequence name="DebugDeviceUnlock" Pname="" disable="false" info="">
[12:01:47.430]    <block atomic="false" info="">
[12:01:47.431]      Sequence("CheckID");
[12:01:47.431]        <sequence name="CheckID" Pname="" disable="false" info="">
[12:01:47.431]          <block atomic="false" info="">
[12:01:47.431]            __var pidr1 = 0;
[12:01:47.431]              // -> [pidr1 <= 0x00000000]
[12:01:47.431]            __var pidr2 = 0;
[12:01:47.431]              // -> [pidr2 <= 0x00000000]
[12:01:47.432]            __var jep106id = 0;
[12:01:47.432]              // -> [jep106id <= 0x00000000]
[12:01:47.432]            __var ROMTableBase = 0;
[12:01:47.432]              // -> [ROMTableBase <= 0x00000000]
[12:01:47.432]            __ap = 0;      // AHB-AP
[12:01:47.433]              // -> [__ap <= 0x00000000]
[12:01:47.433]            ROMTableBase = ReadAP(0xF8) & ~0x3;
[12:01:47.433]              // -> [ReadAP(0x000000F8) => 0xE00FF003]   (__dp=0x00000000, __ap=0x00000000)
[12:01:47.433]              // -> [ROMTableBase <= 0xE00FF000]
[12:01:47.433]            pidr1 = Read32(ROMTableBase + 0x0FE4);
[12:01:47.434]              // -> [Read32(0xE00FFFE4) => 0x00000004]   (__dp=0x00000000, __ap=0x00000000)
[12:01:47.434]              // -> [pidr1 <= 0x00000004]
[12:01:47.434]            pidr2 = Read32(ROMTableBase + 0x0FE8);
[12:01:47.435]              // -> [Read32(0xE00FFFE8) => 0x0000000A]   (__dp=0x00000000, __ap=0x00000000)
[12:01:47.435]              // -> [pidr2 <= 0x0000000A]
[12:01:47.435]            jep106id = ((pidr2 & 0x7) << 4 ) | ((pidr1 >> 4) & 0xF);
[12:01:47.435]              // -> [jep106id <= 0x00000020]
[12:01:47.435]          </block>
[12:01:47.436]          <control if="jep106id != 0x20" while="" timeout="0" info="">
[12:01:47.436]            // if-block "jep106id != 0x20"
[12:01:47.436]              // =>  FALSE
[12:01:47.436]            // skip if-block "jep106id != 0x20"
[12:01:47.436]          </control>
[12:01:47.436]        </sequence>
[12:01:47.437]    </block>
[12:01:47.437]  </sequence>
[12:01:47.437]  
[12:01:47.437]  **********  Sequence "DebugCoreStart"  (Context="Target Access", Pname="", info="")
[12:01:47.437]  
[12:01:47.437]  <debugvars>
[12:01:47.437]    // Pre-defined
[12:01:47.438]    __protocol=0x00010002      (Protocol="SWD", SWJ-DP="True")
[12:01:47.438]    __connection=0x00000202    (Connection Type="Flash", Reset Type="System Reset")
[12:01:47.438]    __dp=0x00000000
[12:01:47.438]    __ap=0x00000000
[12:01:47.439]    __traceout=0x00000001      (SWO Trace)
[12:01:47.439]    __errorcontrol=0x00000000  (Skip Errors="False")
[12:01:47.439]    __FlashAddr=0x00000000
[12:01:47.439]    __FlashLen=0x00000000
[12:01:47.439]    __FlashArg=0x00000000
[12:01:47.440]    __FlashOp=0x00000000
[12:01:47.440]    __Result=0x00000000
[12:01:47.440]    
[12:01:47.440]    // User-defined
[12:01:47.440]    DbgMCU_CR=0x00000007
[12:01:47.440]  </debugvars>
[12:01:47.440]  
[12:01:47.441]  <sequence name="DebugCoreStart" Pname="" disable="false" info="">
[12:01:47.441]    <block atomic="false" info="">
[12:01:47.441]      Write32(0xE000EDF0, 0xA05F0001);                                        // Enable Core Debug via DHCSR
[12:01:47.442]        // -> [Write32(0xE000EDF0, 0xA05F0001)]   (__dp=0x00000000, __ap=0x00000000)
[12:01:47.442]      Write32(0xE0042004, DbgMCU_CR);                                         // DBGMCU_CR: Configure MCU Debug
[12:01:47.442]        // -> [Write32(0xE0042004, 0x00000007)]   (__dp=0x00000000, __ap=0x00000000)
[12:01:47.443]    </block>
[12:01:47.443]  </sequence>
[12:01:47.443]  
