/*
 *  CMSIS Pack Debug Access Sequence Log
 *  File        : C:\repo\stm32f103c8\sdk_2025\sdk2025_Sequences_0016.log
 *  Created     : 04:49:45 (08/04/2025)
 *  Device      : STM32F103C8
 *  PDSC File   : C:/Keil_v5/ARM/Packs/Keil/STM32F1xx_DFP/2.4.1/Keil.STM32F1xx_DFP.pdsc
 *  Config File : C:\repo\stm32f103c8\sdk_2025\DebugConfig\sdk_STM32F103C8_1.0.0.dbgconf
 *
 */

[04:49:45.670]  **********  Sequence "DebugDeviceUnlock"  (Context="Target Access", Pname="", info="")
[04:49:45.670]  
[04:49:45.671]  <debugvars>
[04:49:45.671]    // Pre-defined
[04:49:45.672]    __protocol=0x00010002      (Protocol="SWD", SWJ-DP="True")
[04:49:45.672]    __connection=0x00000202    (Connection Type="Flash", Reset Type="System Reset")
[04:49:45.672]    __dp=0x00000000
[04:49:45.672]    __ap=0x00000000
[04:49:45.673]    __traceout=0x00000001      (SWO Trace)
[04:49:45.673]    __errorcontrol=0x00000000  (Skip Errors="False")
[04:49:45.673]    __FlashAddr=0x00000000
[04:49:45.673]    __FlashLen=0x00000000
[04:49:45.673]    __FlashArg=0x00000000
[04:49:45.673]    __FlashOp=0x00000000
[04:49:45.674]    __Result=0x00000000
[04:49:45.674]    
[04:49:45.674]    // User-defined
[04:49:45.674]    DbgMCU_CR=0x00000007
[04:49:45.674]  </debugvars>
[04:49:45.674]  
[04:49:45.675]  <sequence name="DebugDeviceUnlock" Pname="" disable="false" info="">
[04:49:45.675]    <block atomic="false" info="">
[04:49:45.675]      Sequence("CheckID");
[04:49:45.675]        <sequence name="CheckID" Pname="" disable="false" info="">
[04:49:45.675]          <block atomic="false" info="">
[04:49:45.675]            __var pidr1 = 0;
[04:49:45.675]              // -> [pidr1 <= 0x00000000]
[04:49:45.676]            __var pidr2 = 0;
[04:49:45.676]              // -> [pidr2 <= 0x00000000]
[04:49:45.676]            __var jep106id = 0;
[04:49:45.676]              // -> [jep106id <= 0x00000000]
[04:49:45.676]            __var ROMTableBase = 0;
[04:49:45.677]              // -> [ROMTableBase <= 0x00000000]
[04:49:45.677]            __ap = 0;      // AHB-AP
[04:49:45.677]              // -> [__ap <= 0x00000000]
[04:49:45.677]            ROMTableBase = ReadAP(0xF8) & ~0x3;
[04:49:45.677]              // -> [ReadAP(0x000000F8) => 0xE00FF003]   (__dp=0x00000000, __ap=0x00000000)
[04:49:45.678]              // -> [ROMTableBase <= 0xE00FF000]
[04:49:45.678]            pidr1 = Read32(ROMTableBase + 0x0FE4);
[04:49:45.678]              // -> [Read32(0xE00FFFE4) => 0x00000004]   (__dp=0x00000000, __ap=0x00000000)
[04:49:45.678]              // -> [pidr1 <= 0x00000004]
[04:49:45.679]            pidr2 = Read32(ROMTableBase + 0x0FE8);
[04:49:45.679]              // -> [Read32(0xE00FFFE8) => 0x0000000A]   (__dp=0x00000000, __ap=0x00000000)
[04:49:45.679]              // -> [pidr2 <= 0x0000000A]
[04:49:45.679]            jep106id = ((pidr2 & 0x7) << 4 ) | ((pidr1 >> 4) & 0xF);
[04:49:45.680]              // -> [jep106id <= 0x00000020]
[04:49:45.680]          </block>
[04:49:45.680]          <control if="jep106id != 0x20" while="" timeout="0" info="">
[04:49:45.680]            // if-block "jep106id != 0x20"
[04:49:45.680]              // =>  FALSE
[04:49:45.680]            // skip if-block "jep106id != 0x20"
[04:49:45.680]          </control>
[04:49:45.681]        </sequence>
[04:49:45.681]    </block>
[04:49:45.681]  </sequence>
[04:49:45.681]  
[04:49:45.681]  **********  Sequence "DebugCoreStart"  (Context="Target Access", Pname="", info="")
[04:49:45.681]  
[04:49:45.682]  <debugvars>
[04:49:45.682]    // Pre-defined
[04:49:45.682]    __protocol=0x00010002      (Protocol="SWD", SWJ-DP="True")
[04:49:45.682]    __connection=0x00000202    (Connection Type="Flash", Reset Type="System Reset")
[04:49:45.682]    __dp=0x00000000
[04:49:45.682]    __ap=0x00000000
[04:49:45.682]    __traceout=0x00000001      (SWO Trace)
[04:49:45.683]    __errorcontrol=0x00000000  (Skip Errors="False")
[04:49:45.683]    __FlashAddr=0x00000000
[04:49:45.684]    __FlashLen=0x00000000
[04:49:45.684]    __FlashArg=0x00000000
[04:49:45.684]    __FlashOp=0x00000000
[04:49:45.684]    __Result=0x00000000
[04:49:45.684]    
[04:49:45.684]    // User-defined
[04:49:45.684]    DbgMCU_CR=0x00000007
[04:49:45.685]  </debugvars>
[04:49:45.685]  
[04:49:45.685]  <sequence name="DebugCoreStart" Pname="" disable="false" info="">
[04:49:45.686]    <block atomic="false" info="">
[04:49:45.686]      Write32(0xE000EDF0, 0xA05F0001);                                        // Enable Core Debug via DHCSR
[04:49:45.687]        // -> [Write32(0xE000EDF0, 0xA05F0001)]   (__dp=0x00000000, __ap=0x00000000)
[04:49:45.687]      Write32(0xE0042004, DbgMCU_CR);                                         // DBGMCU_CR: Configure MCU Debug
[04:49:45.687]        // -> [Write32(0xE0042004, 0x00000007)]   (__dp=0x00000000, __ap=0x00000000)
[04:49:45.688]    </block>
[04:49:45.688]  </sequence>
[04:49:45.688]  
[05:19:00.568]  **********  Sequence "DebugDeviceUnlock"  (Context="Target Access", Pname="", info="")
[05:19:00.568]  
[05:19:00.568]  <debugvars>
[05:19:00.569]    // Pre-defined
[05:19:00.569]    __protocol=0x00010002      (Protocol="SWD", SWJ-DP="True")
[05:19:00.569]    __connection=0x00000202    (Connection Type="Flash", Reset Type="System Reset")
[05:19:00.569]    __dp=0x00000000
[05:19:00.569]    __ap=0x00000000
[05:19:00.570]    __traceout=0x00000001      (SWO Trace)
[05:19:00.570]    __errorcontrol=0x00000000  (Skip Errors="False")
[05:19:00.570]    __FlashAddr=0x00000000
[05:19:00.570]    __FlashLen=0x00000000
[05:19:00.570]    __FlashArg=0x00000000
[05:19:00.570]    __FlashOp=0x00000000
[05:19:00.570]    __Result=0x00000000
[05:19:00.571]    
[05:19:00.571]    // User-defined
[05:19:00.571]    DbgMCU_CR=0x00000007
[05:19:00.571]  </debugvars>
[05:19:00.571]  
[05:19:00.571]  <sequence name="DebugDeviceUnlock" Pname="" disable="false" info="">
[05:19:00.571]    <block atomic="false" info="">
[05:19:00.571]      Sequence("CheckID");
[05:19:00.572]        <sequence name="CheckID" Pname="" disable="false" info="">
[05:19:00.572]          <block atomic="false" info="">
[05:19:00.572]            __var pidr1 = 0;
[05:19:00.572]              // -> [pidr1 <= 0x00000000]
[05:19:00.572]            __var pidr2 = 0;
[05:19:00.573]              // -> [pidr2 <= 0x00000000]
[05:19:00.573]            __var jep106id = 0;
[05:19:00.573]              // -> [jep106id <= 0x00000000]
[05:19:00.573]            __var ROMTableBase = 0;
[05:19:00.573]              // -> [ROMTableBase <= 0x00000000]
[05:19:00.573]            __ap = 0;      // AHB-AP
[05:19:00.573]              // -> [__ap <= 0x00000000]
[05:19:00.574]            ROMTableBase = ReadAP(0xF8) & ~0x3;
[05:19:00.574]              // -> [ReadAP(0x000000F8) => 0xE00FF003]   (__dp=0x00000000, __ap=0x00000000)
[05:19:00.574]              // -> [ROMTableBase <= 0xE00FF000]
[05:19:00.574]            pidr1 = Read32(ROMTableBase + 0x0FE4);
[05:19:00.575]              // -> [Read32(0xE00FFFE4) => 0x00000004]   (__dp=0x00000000, __ap=0x00000000)
[05:19:00.575]              // -> [pidr1 <= 0x00000004]
[05:19:00.575]            pidr2 = Read32(ROMTableBase + 0x0FE8);
[05:19:00.576]              // -> [Read32(0xE00FFFE8) => 0x0000000A]   (__dp=0x00000000, __ap=0x00000000)
[05:19:00.576]              // -> [pidr2 <= 0x0000000A]
[05:19:00.576]            jep106id = ((pidr2 & 0x7) << 4 ) | ((pidr1 >> 4) & 0xF);
[05:19:00.576]              // -> [jep106id <= 0x00000020]
[05:19:00.576]          </block>
[05:19:00.577]          <control if="jep106id != 0x20" while="" timeout="0" info="">
[05:19:00.577]            // if-block "jep106id != 0x20"
[05:19:00.577]              // =>  FALSE
[05:19:00.577]            // skip if-block "jep106id != 0x20"
[05:19:00.577]          </control>
[05:19:00.577]        </sequence>
[05:19:00.577]    </block>
[05:19:00.578]  </sequence>
[05:19:00.578]  
[05:19:00.578]  **********  Sequence "DebugCoreStart"  (Context="Target Access", Pname="", info="")
[05:19:00.578]  
[05:19:00.578]  <debugvars>
[05:19:00.578]    // Pre-defined
[05:19:00.578]    __protocol=0x00010002      (Protocol="SWD", SWJ-DP="True")
[05:19:00.579]    __connection=0x00000202    (Connection Type="Flash", Reset Type="System Reset")
[05:19:00.579]    __dp=0x00000000
[05:19:00.579]    __ap=0x00000000
[05:19:00.579]    __traceout=0x00000001      (SWO Trace)
[05:19:00.580]    __errorcontrol=0x00000000  (Skip Errors="False")
[05:19:00.580]    __FlashAddr=0x00000000
[05:19:00.580]    __FlashLen=0x00000000
[05:19:00.580]    __FlashArg=0x00000000
[05:19:00.581]    __FlashOp=0x00000000
[05:19:00.581]    __Result=0x00000000
[05:19:00.581]    
[05:19:00.581]    // User-defined
[05:19:00.581]    DbgMCU_CR=0x00000007
[05:19:00.581]  </debugvars>
[05:19:00.581]  
[05:19:00.582]  <sequence name="DebugCoreStart" Pname="" disable="false" info="">
[05:19:00.582]    <block atomic="false" info="">
[05:19:00.582]      Write32(0xE000EDF0, 0xA05F0001);                                        // Enable Core Debug via DHCSR
[05:19:00.583]        // -> [Write32(0xE000EDF0, 0xA05F0001)]   (__dp=0x00000000, __ap=0x00000000)
[05:19:00.583]      Write32(0xE0042004, DbgMCU_CR);                                         // DBGMCU_CR: Configure MCU Debug
[05:19:00.583]        // -> [Write32(0xE0042004, 0x00000007)]   (__dp=0x00000000, __ap=0x00000000)
[05:19:00.584]    </block>
[05:19:00.584]  </sequence>
[05:19:00.584]  
