/*
 *  CMSIS Pack Debug Access Sequence Log
 *  File        : C:\repo\stm32f103c8\sdk_2025\sdk2025_Sequences_0017.log
 *  Created     : 06:48:03 (08/04/2025)
 *  Device      : STM32F103C8
 *  PDSC File   : C:/Keil_v5/ARM/Packs/Keil/STM32F1xx_DFP/2.4.1/Keil.STM32F1xx_DFP.pdsc
 *  Config File : C:\repo\stm32f103c8\sdk_2025\DebugConfig\sdk_STM32F103C8_1.0.0.dbgconf
 *
 */

[06:48:03.966]  **********  Sequence "DebugDeviceUnlock"  (Context="Target Access", Pname="", info="")
[06:48:03.966]  
[06:48:03.966]  <debugvars>
[06:48:03.967]    // Pre-defined
[06:48:03.968]    __protocol=0x00010002      (Protocol="SWD", SWJ-DP="True")
[06:48:03.968]    __connection=0x00000202    (Connection Type="Flash", Reset Type="System Reset")
[06:48:03.968]    __dp=0x00000000
[06:48:03.968]    __ap=0x00000000
[06:48:03.968]    __traceout=0x00000001      (SWO Trace)
[06:48:03.969]    __errorcontrol=0x00000000  (Skip Errors="False")
[06:48:03.969]    __FlashAddr=0x00000000
[06:48:03.969]    __FlashLen=0x00000000
[06:48:03.969]    __FlashArg=0x00000000
[06:48:03.969]    __FlashOp=0x00000000
[06:48:03.970]    __Result=0x00000000
[06:48:03.970]    
[06:48:03.970]    // User-defined
[06:48:03.970]    DbgMCU_CR=0x00000007
[06:48:03.970]  </debugvars>
[06:48:03.970]  
[06:48:03.972]  <sequence name="DebugDeviceUnlock" Pname="" disable="false" info="">
[06:48:03.972]    <block atomic="false" info="">
[06:48:03.972]      Sequence("CheckID");
[06:48:03.972]        <sequence name="CheckID" Pname="" disable="false" info="">
[06:48:03.972]          <block atomic="false" info="">
[06:48:03.972]            __var pidr1 = 0;
[06:48:03.972]              // -> [pidr1 <= 0x00000000]
[06:48:03.972]            __var pidr2 = 0;
[06:48:03.972]              // -> [pidr2 <= 0x00000000]
[06:48:03.972]            __var jep106id = 0;
[06:48:03.972]              // -> [jep106id <= 0x00000000]
[06:48:03.972]            __var ROMTableBase = 0;
[06:48:03.973]              // -> [ROMTableBase <= 0x00000000]
[06:48:03.973]            __ap = 0;      // AHB-AP
[06:48:03.973]              // -> [__ap <= 0x00000000]
[06:48:03.973]            ROMTableBase = ReadAP(0xF8) & ~0x3;
[06:48:03.973]              // -> [ReadAP(0x000000F8) => 0xE00FF003]   (__dp=0x00000000, __ap=0x00000000)
[06:48:03.974]              // -> [ROMTableBase <= 0xE00FF000]
[06:48:03.974]            pidr1 = Read32(ROMTableBase + 0x0FE4);
[06:48:03.974]              // -> [Read32(0xE00FFFE4) => 0x00000004]   (__dp=0x00000000, __ap=0x00000000)
[06:48:03.975]              // -> [pidr1 <= 0x00000004]
[06:48:03.976]            pidr2 = Read32(ROMTableBase + 0x0FE8);
[06:48:03.976]              // -> [Read32(0xE00FFFE8) => 0x0000000A]   (__dp=0x00000000, __ap=0x00000000)
[06:48:03.976]              // -> [pidr2 <= 0x0000000A]
[06:48:03.976]            jep106id = ((pidr2 & 0x7) << 4 ) | ((pidr1 >> 4) & 0xF);
[06:48:03.976]              // -> [jep106id <= 0x00000020]
[06:48:03.976]          </block>
[06:48:03.977]          <control if="jep106id != 0x20" while="" timeout="0" info="">
[06:48:03.977]            // if-block "jep106id != 0x20"
[06:48:03.977]              // =>  FALSE
[06:48:03.977]            // skip if-block "jep106id != 0x20"
[06:48:03.977]          </control>
[06:48:03.977]        </sequence>
[06:48:03.977]    </block>
[06:48:03.978]  </sequence>
[06:48:03.978]  
[06:48:03.978]  **********  Sequence "DebugCoreStart"  (Context="Target Access", Pname="", info="")
[06:48:03.978]  
[06:48:03.978]  <debugvars>
[06:48:03.979]    // Pre-defined
[06:48:03.979]    __protocol=0x00010002      (Protocol="SWD", SWJ-DP="True")
[06:48:03.979]    __connection=0x00000202    (Connection Type="Flash", Reset Type="System Reset")
[06:48:03.979]    __dp=0x00000000
[06:48:03.979]    __ap=0x00000000
[06:48:03.979]    __traceout=0x00000001      (SWO Trace)
[06:48:03.980]    __errorcontrol=0x00000000  (Skip Errors="False")
[06:48:03.980]    __FlashAddr=0x00000000
[06:48:03.980]    __FlashLen=0x00000000
[06:48:03.980]    __FlashArg=0x00000000
[06:48:03.980]    __FlashOp=0x00000000
[06:48:03.980]    __Result=0x00000000
[06:48:03.981]    
[06:48:03.981]    // User-defined
[06:48:03.981]    DbgMCU_CR=0x00000007
[06:48:03.981]  </debugvars>
[06:48:03.982]  
[06:48:03.982]  <sequence name="DebugCoreStart" Pname="" disable="false" info="">
[06:48:03.982]    <block atomic="false" info="">
[06:48:03.982]      Write32(0xE000EDF0, 0xA05F0001);                                        // Enable Core Debug via DHCSR
[06:48:03.983]        // -> [Write32(0xE000EDF0, 0xA05F0001)]   (__dp=0x00000000, __ap=0x00000000)
[06:48:03.983]      Write32(0xE0042004, DbgMCU_CR);                                         // DBGMCU_CR: Configure MCU Debug
[06:48:03.984]        // -> [Write32(0xE0042004, 0x00000007)]   (__dp=0x00000000, __ap=0x00000000)
[06:48:03.984]    </block>
[06:48:03.984]  </sequence>
[06:48:03.984]  
[06:53:22.982]  **********  Sequence "DebugDeviceUnlock"  (Context="Target Access", Pname="", info="")
[06:53:22.982]  
[06:53:22.982]  <debugvars>
[06:53:22.983]    // Pre-defined
[06:53:22.983]    __protocol=0x00010002      (Protocol="SWD", SWJ-DP="True")
[06:53:22.983]    __connection=0x00000202    (Connection Type="Flash", Reset Type="System Reset")
[06:53:22.984]    __dp=0x00000000
[06:53:22.984]    __ap=0x00000000
[06:53:22.984]    __traceout=0x00000001      (SWO Trace)
[06:53:22.984]    __errorcontrol=0x00000000  (Skip Errors="False")
[06:53:22.984]    __FlashAddr=0x00000000
[06:53:22.984]    __FlashLen=0x00000000
[06:53:22.985]    __FlashArg=0x00000000
[06:53:22.985]    __FlashOp=0x00000000
[06:53:22.985]    __Result=0x00000000
[06:53:22.985]    
[06:53:22.985]    // User-defined
[06:53:22.985]    DbgMCU_CR=0x00000007
[06:53:22.985]  </debugvars>
[06:53:22.986]  
[06:53:22.986]  <sequence name="DebugDeviceUnlock" Pname="" disable="false" info="">
[06:53:22.986]    <block atomic="false" info="">
[06:53:22.986]      Sequence("CheckID");
[06:53:22.986]        <sequence name="CheckID" Pname="" disable="false" info="">
[06:53:22.986]          <block atomic="false" info="">
[06:53:22.986]            __var pidr1 = 0;
[06:53:22.987]              // -> [pidr1 <= 0x00000000]
[06:53:22.987]            __var pidr2 = 0;
[06:53:22.987]              // -> [pidr2 <= 0x00000000]
[06:53:22.987]            __var jep106id = 0;
[06:53:22.987]              // -> [jep106id <= 0x00000000]
[06:53:22.987]            __var ROMTableBase = 0;
[06:53:22.988]              // -> [ROMTableBase <= 0x00000000]
[06:53:22.988]            __ap = 0;      // AHB-AP
[06:53:22.988]              // -> [__ap <= 0x00000000]
[06:53:22.988]            ROMTableBase = ReadAP(0xF8) & ~0x3;
[06:53:22.989]              // -> [ReadAP(0x000000F8) => 0xE00FF003]   (__dp=0x00000000, __ap=0x00000000)
[06:53:22.989]              // -> [ROMTableBase <= 0xE00FF000]
[06:53:22.989]            pidr1 = Read32(ROMTableBase + 0x0FE4);
[06:53:22.990]              // -> [Read32(0xE00FFFE4) => 0x00000004]   (__dp=0x00000000, __ap=0x00000000)
[06:53:22.990]              // -> [pidr1 <= 0x00000004]
[06:53:22.990]            pidr2 = Read32(ROMTableBase + 0x0FE8);
[06:53:22.990]              // -> [Read32(0xE00FFFE8) => 0x0000000A]   (__dp=0x00000000, __ap=0x00000000)
[06:53:22.991]              // -> [pidr2 <= 0x0000000A]
[06:53:22.991]            jep106id = ((pidr2 & 0x7) << 4 ) | ((pidr1 >> 4) & 0xF);
[06:53:22.991]              // -> [jep106id <= 0x00000020]
[06:53:22.991]          </block>
[06:53:22.991]          <control if="jep106id != 0x20" while="" timeout="0" info="">
[06:53:22.991]            // if-block "jep106id != 0x20"
[06:53:22.991]              // =>  FALSE
[06:53:22.993]            // skip if-block "jep106id != 0x20"
[06:53:22.993]          </control>
[06:53:22.993]        </sequence>
[06:53:22.993]    </block>
[06:53:22.993]  </sequence>
[06:53:22.993]  
[06:53:22.993]  **********  Sequence "DebugCoreStart"  (Context="Target Access", Pname="", info="")
[06:53:22.993]  
[06:53:22.993]  <debugvars>
[06:53:22.993]    // Pre-defined
[06:53:22.994]    __protocol=0x00010002      (Protocol="SWD", SWJ-DP="True")
[06:53:22.994]    __connection=0x00000202    (Connection Type="Flash", Reset Type="System Reset")
[06:53:22.994]    __dp=0x00000000
[06:53:22.994]    __ap=0x00000000
[06:53:22.995]    __traceout=0x00000001      (SWO Trace)
[06:53:22.995]    __errorcontrol=0x00000000  (Skip Errors="False")
[06:53:22.995]    __FlashAddr=0x00000000
[06:53:22.995]    __FlashLen=0x00000000
[06:53:22.996]    __FlashArg=0x00000000
[06:53:22.996]    __FlashOp=0x00000000
[06:53:22.996]    __Result=0x00000000
[06:53:22.996]    
[06:53:22.996]    // User-defined
[06:53:22.996]    DbgMCU_CR=0x00000007
[06:53:22.997]  </debugvars>
[06:53:22.997]  
[06:53:22.997]  <sequence name="DebugCoreStart" Pname="" disable="false" info="">
[06:53:22.997]    <block atomic="false" info="">
[06:53:22.997]      Write32(0xE000EDF0, 0xA05F0001);                                        // Enable Core Debug via DHCSR
[06:53:22.998]        // -> [Write32(0xE000EDF0, 0xA05F0001)]   (__dp=0x00000000, __ap=0x00000000)
[06:53:22.998]      Write32(0xE0042004, DbgMCU_CR);                                         // DBGMCU_CR: Configure MCU Debug
[06:53:22.999]        // -> [Write32(0xE0042004, 0x00000007)]   (__dp=0x00000000, __ap=0x00000000)
[06:53:22.999]    </block>
[06:53:22.999]  </sequence>
[06:53:22.999]  
[06:59:07.907]  **********  Sequence "DebugDeviceUnlock"  (Context="Target Access", Pname="", info="")
[06:59:07.907]  
[06:59:07.908]  <debugvars>
[06:59:07.908]    // Pre-defined
[06:59:07.908]    __protocol=0x00010002      (Protocol="SWD", SWJ-DP="True")
[06:59:07.908]    __connection=0x00000202    (Connection Type="Flash", Reset Type="System Reset")
[06:59:07.909]    __dp=0x00000000
[06:59:07.909]    __ap=0x00000000
[06:59:07.909]    __traceout=0x00000001      (SWO Trace)
[06:59:07.909]    __errorcontrol=0x00000000  (Skip Errors="False")
[06:59:07.909]    __FlashAddr=0x00000000
[06:59:07.909]    __FlashLen=0x00000000
[06:59:07.910]    __FlashArg=0x00000000
[06:59:07.910]    __FlashOp=0x00000000
[06:59:07.910]    __Result=0x00000000
[06:59:07.910]    
[06:59:07.910]    // User-defined
[06:59:07.910]    DbgMCU_CR=0x00000007
[06:59:07.910]  </debugvars>
[06:59:07.910]  
[06:59:07.911]  <sequence name="DebugDeviceUnlock" Pname="" disable="false" info="">
[06:59:07.911]    <block atomic="false" info="">
[06:59:07.911]      Sequence("CheckID");
[06:59:07.911]        <sequence name="CheckID" Pname="" disable="false" info="">
[06:59:07.911]          <block atomic="false" info="">
[06:59:07.911]            __var pidr1 = 0;
[06:59:07.911]              // -> [pidr1 <= 0x00000000]
[06:59:07.912]            __var pidr2 = 0;
[06:59:07.912]              // -> [pidr2 <= 0x00000000]
[06:59:07.912]            __var jep106id = 0;
[06:59:07.912]              // -> [jep106id <= 0x00000000]
[06:59:07.912]            __var ROMTableBase = 0;
[06:59:07.912]              // -> [ROMTableBase <= 0x00000000]
[06:59:07.913]            __ap = 0;      // AHB-AP
[06:59:07.913]              // -> [__ap <= 0x00000000]
[06:59:07.913]            ROMTableBase = ReadAP(0xF8) & ~0x3;
[06:59:07.913]              // -> [ReadAP(0x000000F8) => 0xE00FF003]   (__dp=0x00000000, __ap=0x00000000)
[06:59:07.913]              // -> [ROMTableBase <= 0xE00FF000]
[06:59:07.914]            pidr1 = Read32(ROMTableBase + 0x0FE4);
[06:59:07.914]              // -> [Read32(0xE00FFFE4) => 0x00000004]   (__dp=0x00000000, __ap=0x00000000)
[06:59:07.915]              // -> [pidr1 <= 0x00000004]
[06:59:07.915]            pidr2 = Read32(ROMTableBase + 0x0FE8);
[06:59:07.915]              // -> [Read32(0xE00FFFE8) => 0x0000000A]   (__dp=0x00000000, __ap=0x00000000)
[06:59:07.916]              // -> [pidr2 <= 0x0000000A]
[06:59:07.916]            jep106id = ((pidr2 & 0x7) << 4 ) | ((pidr1 >> 4) & 0xF);
[06:59:07.916]              // -> [jep106id <= 0x00000020]
[06:59:07.916]          </block>
[06:59:07.916]          <control if="jep106id != 0x20" while="" timeout="0" info="">
[06:59:07.916]            // if-block "jep106id != 0x20"
[06:59:07.917]              // =>  FALSE
[06:59:07.917]            // skip if-block "jep106id != 0x20"
[06:59:07.917]          </control>
[06:59:07.917]        </sequence>
[06:59:07.917]    </block>
[06:59:07.917]  </sequence>
[06:59:07.918]  
[06:59:07.918]  **********  Sequence "DebugCoreStart"  (Context="Target Access", Pname="", info="")
[06:59:07.918]  
[06:59:07.918]  <debugvars>
[06:59:07.918]    // Pre-defined
[06:59:07.918]    __protocol=0x00010002      (Protocol="SWD", SWJ-DP="True")
[06:59:07.919]    __connection=0x00000202    (Connection Type="Flash", Reset Type="System Reset")
[06:59:07.919]    __dp=0x00000000
[06:59:07.919]    __ap=0x00000000
[06:59:07.919]    __traceout=0x00000001      (SWO Trace)
[06:59:07.919]    __errorcontrol=0x00000000  (Skip Errors="False")
[06:59:07.920]    __FlashAddr=0x00000000
[06:59:07.920]    __FlashLen=0x00000000
[06:59:07.920]    __FlashArg=0x00000000
[06:59:07.920]    __FlashOp=0x00000000
[06:59:07.920]    __Result=0x00000000
[06:59:07.920]    
[06:59:07.920]    // User-defined
[06:59:07.920]    DbgMCU_CR=0x00000007
[06:59:07.921]  </debugvars>
[06:59:07.921]  
[06:59:07.921]  <sequence name="DebugCoreStart" Pname="" disable="false" info="">
[06:59:07.921]    <block atomic="false" info="">
[06:59:07.921]      Write32(0xE000EDF0, 0xA05F0001);                                        // Enable Core Debug via DHCSR
[06:59:07.922]        // -> [Write32(0xE000EDF0, 0xA05F0001)]   (__dp=0x00000000, __ap=0x00000000)
[06:59:07.922]      Write32(0xE0042004, DbgMCU_CR);                                         // DBGMCU_CR: Configure MCU Debug
[06:59:07.922]        // -> [Write32(0xE0042004, 0x00000007)]   (__dp=0x00000000, __ap=0x00000000)
[06:59:07.922]    </block>
[06:59:07.922]  </sequence>
[06:59:07.923]  
[07:02:53.585]  **********  Sequence "DebugDeviceUnlock"  (Context="Target Access", Pname="", info="")
[07:02:53.585]  
[07:02:53.585]  <debugvars>
[07:02:53.585]    // Pre-defined
[07:02:53.586]    __protocol=0x00010002      (Protocol="SWD", SWJ-DP="True")
[07:02:53.587]    __connection=0x00000202    (Connection Type="Flash", Reset Type="System Reset")
[07:02:53.587]    __dp=0x00000000
[07:02:53.587]    __ap=0x00000000
[07:02:53.587]    __traceout=0x00000001      (SWO Trace)
[07:02:53.587]    __errorcontrol=0x00000000  (Skip Errors="False")
[07:02:53.587]    __FlashAddr=0x00000000
[07:02:53.587]    __FlashLen=0x00000000
[07:02:53.587]    __FlashArg=0x00000000
[07:02:53.588]    __FlashOp=0x00000000
[07:02:53.588]    __Result=0x00000000
[07:02:53.588]    
[07:02:53.588]    // User-defined
[07:02:53.588]    DbgMCU_CR=0x00000007
[07:02:53.588]  </debugvars>
[07:02:53.588]  
[07:02:53.588]  <sequence name="DebugDeviceUnlock" Pname="" disable="false" info="">
[07:02:53.589]    <block atomic="false" info="">
[07:02:53.589]      Sequence("CheckID");
[07:02:53.589]        <sequence name="CheckID" Pname="" disable="false" info="">
[07:02:53.589]          <block atomic="false" info="">
[07:02:53.589]            __var pidr1 = 0;
[07:02:53.590]              // -> [pidr1 <= 0x00000000]
[07:02:53.590]            __var pidr2 = 0;
[07:02:53.590]              // -> [pidr2 <= 0x00000000]
[07:02:53.590]            __var jep106id = 0;
[07:02:53.590]              // -> [jep106id <= 0x00000000]
[07:02:53.590]            __var ROMTableBase = 0;
[07:02:53.590]              // -> [ROMTableBase <= 0x00000000]
[07:02:53.591]            __ap = 0;      // AHB-AP
[07:02:53.591]              // -> [__ap <= 0x00000000]
[07:02:53.591]            ROMTableBase = ReadAP(0xF8) & ~0x3;
[07:02:53.591]              // -> [ReadAP(0x000000F8) => 0xE00FF003]   (__dp=0x00000000, __ap=0x00000000)
[07:02:53.592]              // -> [ROMTableBase <= 0xE00FF000]
[07:02:53.592]            pidr1 = Read32(ROMTableBase + 0x0FE4);
[07:02:53.592]              // -> [Read32(0xE00FFFE4) => 0x00000004]   (__dp=0x00000000, __ap=0x00000000)
[07:02:53.592]              // -> [pidr1 <= 0x00000004]
[07:02:53.592]            pidr2 = Read32(ROMTableBase + 0x0FE8);
[07:02:53.593]              // -> [Read32(0xE00FFFE8) => 0x0000000A]   (__dp=0x00000000, __ap=0x00000000)
[07:02:53.593]              // -> [pidr2 <= 0x0000000A]
[07:02:53.593]            jep106id = ((pidr2 & 0x7) << 4 ) | ((pidr1 >> 4) & 0xF);
[07:02:53.593]              // -> [jep106id <= 0x00000020]
[07:02:53.594]          </block>
[07:02:53.594]          <control if="jep106id != 0x20" while="" timeout="0" info="">
[07:02:53.594]            // if-block "jep106id != 0x20"
[07:02:53.594]              // =>  FALSE
[07:02:53.595]            // skip if-block "jep106id != 0x20"
[07:02:53.595]          </control>
[07:02:53.595]        </sequence>
[07:02:53.595]    </block>
[07:02:53.595]  </sequence>
[07:02:53.595]  
[07:02:53.596]  **********  Sequence "DebugCoreStart"  (Context="Target Access", Pname="", info="")
[07:02:53.596]  
[07:02:53.596]  <debugvars>
[07:02:53.596]    // Pre-defined
[07:02:53.596]    __protocol=0x00010002      (Protocol="SWD", SWJ-DP="True")
[07:02:53.597]    __connection=0x00000202    (Connection Type="Flash", Reset Type="System Reset")
[07:02:53.597]    __dp=0x00000000
[07:02:53.597]    __ap=0x00000000
[07:02:53.597]    __traceout=0x00000001      (SWO Trace)
[07:02:53.597]    __errorcontrol=0x00000000  (Skip Errors="False")
[07:02:53.598]    __FlashAddr=0x00000000
[07:02:53.598]    __FlashLen=0x00000000
[07:02:53.598]    __FlashArg=0x00000000
[07:02:53.598]    __FlashOp=0x00000000
[07:02:53.598]    __Result=0x00000000
[07:02:53.599]    
[07:02:53.599]    // User-defined
[07:02:53.599]    DbgMCU_CR=0x00000007
[07:02:53.599]  </debugvars>
[07:02:53.599]  
[07:02:53.599]  <sequence name="DebugCoreStart" Pname="" disable="false" info="">
[07:02:53.600]    <block atomic="false" info="">
[07:02:53.600]      Write32(0xE000EDF0, 0xA05F0001);                                        // Enable Core Debug via DHCSR
[07:02:53.600]        // -> [Write32(0xE000EDF0, 0xA05F0001)]   (__dp=0x00000000, __ap=0x00000000)
[07:02:53.601]      Write32(0xE0042004, DbgMCU_CR);                                         // DBGMCU_CR: Configure MCU Debug
[07:02:53.601]        // -> [Write32(0xE0042004, 0x00000007)]   (__dp=0x00000000, __ap=0x00000000)
[07:02:53.601]    </block>
[07:02:53.601]  </sequence>
[07:02:53.602]  
[07:04:24.996]  **********  Sequence "DebugDeviceUnlock"  (Context="Target Access", Pname="", info="")
[07:04:24.996]  
[07:04:24.997]  <debugvars>
[07:04:24.997]    // Pre-defined
[07:04:24.997]    __protocol=0x00010002      (Protocol="SWD", SWJ-DP="True")
[07:04:24.998]    __connection=0x00000202    (Connection Type="Flash", Reset Type="System Reset")
[07:04:24.998]    __dp=0x00000000
[07:04:24.998]    __ap=0x00000000
[07:04:24.998]    __traceout=0x00000001      (SWO Trace)
[07:04:24.998]    __errorcontrol=0x00000000  (Skip Errors="False")
[07:04:24.999]    __FlashAddr=0x00000000
[07:04:25.000]    __FlashLen=0x00000000
[07:04:25.000]    __FlashArg=0x00000000
[07:04:25.000]    __FlashOp=0x00000000
[07:04:25.000]    __Result=0x00000000
[07:04:25.000]    
[07:04:25.000]    // User-defined
[07:04:25.000]    DbgMCU_CR=0x00000007
[07:04:25.000]  </debugvars>
[07:04:25.000]  
[07:04:25.001]  <sequence name="DebugDeviceUnlock" Pname="" disable="false" info="">
[07:04:25.001]    <block atomic="false" info="">
[07:04:25.001]      Sequence("CheckID");
[07:04:25.001]        <sequence name="CheckID" Pname="" disable="false" info="">
[07:04:25.001]          <block atomic="false" info="">
[07:04:25.001]            __var pidr1 = 0;
[07:04:25.001]              // -> [pidr1 <= 0x00000000]
[07:04:25.001]            __var pidr2 = 0;
[07:04:25.001]              // -> [pidr2 <= 0x00000000]
[07:04:25.002]            __var jep106id = 0;
[07:04:25.002]              // -> [jep106id <= 0x00000000]
[07:04:25.002]            __var ROMTableBase = 0;
[07:04:25.002]              // -> [ROMTableBase <= 0x00000000]
[07:04:25.002]            __ap = 0;      // AHB-AP
[07:04:25.003]              // -> [__ap <= 0x00000000]
[07:04:25.003]            ROMTableBase = ReadAP(0xF8) & ~0x3;
[07:04:25.003]              // -> [ReadAP(0x000000F8) => 0xE00FF003]   (__dp=0x00000000, __ap=0x00000000)
[07:04:25.003]              // -> [ROMTableBase <= 0xE00FF000]
[07:04:25.003]            pidr1 = Read32(ROMTableBase + 0x0FE4);
[07:04:25.004]              // -> [Read32(0xE00FFFE4) => 0x00000004]   (__dp=0x00000000, __ap=0x00000000)
[07:04:25.004]              // -> [pidr1 <= 0x00000004]
[07:04:25.004]            pidr2 = Read32(ROMTableBase + 0x0FE8);
[07:04:25.005]              // -> [Read32(0xE00FFFE8) => 0x0000000A]   (__dp=0x00000000, __ap=0x00000000)
[07:04:25.005]              // -> [pidr2 <= 0x0000000A]
[07:04:25.005]            jep106id = ((pidr2 & 0x7) << 4 ) | ((pidr1 >> 4) & 0xF);
[07:04:25.005]              // -> [jep106id <= 0x00000020]
[07:04:25.006]          </block>
[07:04:25.006]          <control if="jep106id != 0x20" while="" timeout="0" info="">
[07:04:25.006]            // if-block "jep106id != 0x20"
[07:04:25.006]              // =>  FALSE
[07:04:25.006]            // skip if-block "jep106id != 0x20"
[07:04:25.006]          </control>
[07:04:25.007]        </sequence>
[07:04:25.007]    </block>
[07:04:25.007]  </sequence>
[07:04:25.007]  
[07:04:25.007]  **********  Sequence "DebugCoreStart"  (Context="Target Access", Pname="", info="")
[07:04:25.007]  
[07:04:25.007]  <debugvars>
[07:04:25.008]    // Pre-defined
[07:04:25.008]    __protocol=0x00010002      (Protocol="SWD", SWJ-DP="True")
[07:04:25.008]    __connection=0x00000202    (Connection Type="Flash", Reset Type="System Reset")
[07:04:25.008]    __dp=0x00000000
[07:04:25.008]    __ap=0x00000000
[07:04:25.008]    __traceout=0x00000001      (SWO Trace)
[07:04:25.008]    __errorcontrol=0x00000000  (Skip Errors="False")
[07:04:25.009]    __FlashAddr=0x00000000
[07:04:25.009]    __FlashLen=0x00000000
[07:04:25.009]    __FlashArg=0x00000000
[07:04:25.009]    __FlashOp=0x00000000
[07:04:25.009]    __Result=0x00000000
[07:04:25.010]    
[07:04:25.010]    // User-defined
[07:04:25.010]    DbgMCU_CR=0x00000007
[07:04:25.010]  </debugvars>
[07:04:25.010]  
[07:04:25.010]  <sequence name="DebugCoreStart" Pname="" disable="false" info="">
[07:04:25.010]    <block atomic="false" info="">
[07:04:25.010]      Write32(0xE000EDF0, 0xA05F0001);                                        // Enable Core Debug via DHCSR
[07:04:25.011]        // -> [Write32(0xE000EDF0, 0xA05F0001)]   (__dp=0x00000000, __ap=0x00000000)
[07:04:25.011]      Write32(0xE0042004, DbgMCU_CR);                                         // DBGMCU_CR: Configure MCU Debug
[07:04:25.011]        // -> [Write32(0xE0042004, 0x00000007)]   (__dp=0x00000000, __ap=0x00000000)
[07:04:25.011]    </block>
[07:04:25.013]  </sequence>
[07:04:25.013]  
[07:07:54.265]  **********  Sequence "DebugDeviceUnlock"  (Context="Target Access", Pname="", info="")
[07:07:54.265]  
[07:07:54.266]  <debugvars>
[07:07:54.266]    // Pre-defined
[07:07:54.266]    __protocol=0x00010002      (Protocol="SWD", SWJ-DP="True")
[07:07:54.266]    __connection=0x00000202    (Connection Type="Flash", Reset Type="System Reset")
[07:07:54.266]    __dp=0x00000000
[07:07:54.267]    __ap=0x00000000
[07:07:54.267]    __traceout=0x00000001      (SWO Trace)
[07:07:54.267]    __errorcontrol=0x00000000  (Skip Errors="False")
[07:07:54.267]    __FlashAddr=0x00000000
[07:07:54.267]    __FlashLen=0x00000000
[07:07:54.268]    __FlashArg=0x00000000
[07:07:54.268]    __FlashOp=0x00000000
[07:07:54.268]    __Result=0x00000000
[07:07:54.268]    
[07:07:54.268]    // User-defined
[07:07:54.268]    DbgMCU_CR=0x00000007
[07:07:54.268]  </debugvars>
[07:07:54.269]  
[07:07:54.269]  <sequence name="DebugDeviceUnlock" Pname="" disable="false" info="">
[07:07:54.269]    <block atomic="false" info="">
[07:07:54.269]      Sequence("CheckID");
[07:07:54.269]        <sequence name="CheckID" Pname="" disable="false" info="">
[07:07:54.270]          <block atomic="false" info="">
[07:07:54.270]            __var pidr1 = 0;
[07:07:54.270]              // -> [pidr1 <= 0x00000000]
[07:07:54.270]            __var pidr2 = 0;
[07:07:54.270]              // -> [pidr2 <= 0x00000000]
[07:07:54.270]            __var jep106id = 0;
[07:07:54.270]              // -> [jep106id <= 0x00000000]
[07:07:54.270]            __var ROMTableBase = 0;
[07:07:54.270]              // -> [ROMTableBase <= 0x00000000]
[07:07:54.271]            __ap = 0;      // AHB-AP
[07:07:54.271]              // -> [__ap <= 0x00000000]
[07:07:54.271]            ROMTableBase = ReadAP(0xF8) & ~0x3;
[07:07:54.271]              // -> [ReadAP(0x000000F8) => 0xE00FF003]   (__dp=0x00000000, __ap=0x00000000)
[07:07:54.272]              // -> [ROMTableBase <= 0xE00FF000]
[07:07:54.272]            pidr1 = Read32(ROMTableBase + 0x0FE4);
[07:07:54.273]              // -> [Read32(0xE00FFFE4) => 0x00000004]   (__dp=0x00000000, __ap=0x00000000)
[07:07:54.273]              // -> [pidr1 <= 0x00000004]
[07:07:54.273]            pidr2 = Read32(ROMTableBase + 0x0FE8);
[07:07:54.274]              // -> [Read32(0xE00FFFE8) => 0x0000000A]   (__dp=0x00000000, __ap=0x00000000)
[07:07:54.274]              // -> [pidr2 <= 0x0000000A]
[07:07:54.274]            jep106id = ((pidr2 & 0x7) << 4 ) | ((pidr1 >> 4) & 0xF);
[07:07:54.274]              // -> [jep106id <= 0x00000020]
[07:07:54.274]          </block>
[07:07:54.274]          <control if="jep106id != 0x20" while="" timeout="0" info="">
[07:07:54.274]            // if-block "jep106id != 0x20"
[07:07:54.275]              // =>  FALSE
[07:07:54.275]            // skip if-block "jep106id != 0x20"
[07:07:54.275]          </control>
[07:07:54.275]        </sequence>
[07:07:54.275]    </block>
[07:07:54.275]  </sequence>
[07:07:54.276]  
[07:07:54.276]  **********  Sequence "DebugCoreStart"  (Context="Target Access", Pname="", info="")
[07:07:54.276]  
[07:07:54.276]  <debugvars>
[07:07:54.276]    // Pre-defined
[07:07:54.276]    __protocol=0x00010002      (Protocol="SWD", SWJ-DP="True")
[07:07:54.276]    __connection=0x00000202    (Connection Type="Flash", Reset Type="System Reset")
[07:07:54.277]    __dp=0x00000000
[07:07:54.277]    __ap=0x00000000
[07:07:54.277]    __traceout=0x00000001      (SWO Trace)
[07:07:54.277]    __errorcontrol=0x00000000  (Skip Errors="False")
[07:07:54.277]    __FlashAddr=0x00000000
[07:07:54.277]    __FlashLen=0x00000000
[07:07:54.278]    __FlashArg=0x00000000
[07:07:54.278]    __FlashOp=0x00000000
[07:07:54.278]    __Result=0x00000000
[07:07:54.278]    
[07:07:54.278]    // User-defined
[07:07:54.278]    DbgMCU_CR=0x00000007
[07:07:54.278]  </debugvars>
[07:07:54.278]  
[07:07:54.279]  <sequence name="DebugCoreStart" Pname="" disable="false" info="">
[07:07:54.279]    <block atomic="false" info="">
[07:07:54.279]      Write32(0xE000EDF0, 0xA05F0001);                                        // Enable Core Debug via DHCSR
[07:07:54.280]        // -> [Write32(0xE000EDF0, 0xA05F0001)]   (__dp=0x00000000, __ap=0x00000000)
[07:07:54.280]      Write32(0xE0042004, DbgMCU_CR);                                         // DBGMCU_CR: Configure MCU Debug
[07:07:54.280]        // -> [Write32(0xE0042004, 0x00000007)]   (__dp=0x00000000, __ap=0x00000000)
[07:07:54.280]    </block>
[07:07:54.280]  </sequence>
[07:07:54.280]  
